<?xml version="1.0" encoding="UTF-8"?>
<testng-results skipped="0" failed="0" ignored="0" total="4" passed="4">
  <reporter-output>
  </reporter-output>
  <suite name="Default suite" duration-ms="63" started-at="2019-06-20T03:49:43Z" finished-at="2019-06-20T03:49:43Z">
    <groups>
    </groups>
    <test name="Default test" duration-ms="63" started-at="2019-06-20T03:49:43Z" finished-at="2019-06-20T03:49:43Z">
      <class name="testonline">
        <test-method status="PASS" signature="E()[pri:1, instance:testonline@573f2bb1]" name="E" duration-ms="15" started-at="2019-06-20T03:49:43Z" finished-at="2019-06-20T03:49:43Z">
          <reporter-output>
          </reporter-output>
        </test-method> <!-- E -->
        <test-method status="PASS" signature="A()[pri:1, instance:testonline@573f2bb1]" name="A" duration-ms="0" started-at="2019-06-20T03:49:43Z" finished-at="2019-06-20T03:49:43Z">
          <reporter-output>
          </reporter-output>
        </test-method> <!-- A -->
        <test-method status="PASS" signature="C()[pri:0, instance:testonline@573f2bb1]" name="C" duration-ms="0" started-at="2019-06-20T03:49:43Z" depends-on-methods="testonline.B" finished-at="2019-06-20T03:49:43Z">
          <reporter-output>
          </reporter-output>
        </test-method> <!-- C -->
        <test-method status="PASS" signature="B()[pri:2, instance:testonline@573f2bb1]" name="B" duration-ms="0" started-at="2019-06-20T03:49:43Z" depends-on-methods="testonline.E" finished-at="2019-06-20T03:49:43Z">
          <reporter-output>
          </reporter-output>
        </test-method> <!-- B -->
      </class> <!-- testonline -->
    </test> <!-- Default test -->
  </suite> <!-- Default suite -->
</testng-results>
